<?xml version="1.0" encoding="UTF-8"?>
<testng-results ignored="0" total="1" passed="1" failed="0" skipped="0">
  <reporter-output>
  </reporter-output>
  <suite started-at="2023-10-20T14:57:35 IST" name="Default suite" finished-at="2023-10-20T14:57:59 IST" duration-ms="24259">
    <groups>
    </groups>
    <test started-at="2023-10-20T14:57:35 IST" name="Default test" finished-at="2023-10-20T14:57:59 IST" duration-ms="24259">
      <class name="com.urgeTruck.testCase.TC_LoginTest_UT_001">
        <test-method is-config="true" signature="setUp()[pri:0, instance:com.urgeTruck.testCase.TC_LoginTest_UT_001@76b1e9b8]" started-at="2023-10-20T14:57:35 IST" name="setUp" finished-at="2023-10-20T14:57:37 IST" duration-ms="2339" status="PASS">
          <reporter-output>
          </reporter-output>
        </test-method> <!-- setUp -->
        <test-method signature="LoginTest()[pri:0, instance:com.urgeTruck.testCase.TC_LoginTest_UT_001@76b1e9b8]" started-at="2023-10-20T14:57:38 IST" name="LoginTest" finished-at="2023-10-20T14:57:59 IST" duration-ms="21616" status="PASS">
          <reporter-output>
          </reporter-output>
        </test-method> <!-- LoginTest -->
        <test-method is-config="true" signature="tearDown()[pri:0, instance:com.urgeTruck.testCase.TC_LoginTest_UT_001@76b1e9b8]" started-at="2023-10-20T14:57:59 IST" name="tearDown" finished-at="2023-10-20T14:57:59 IST" duration-ms="251" status="PASS">
          <reporter-output>
          </reporter-output>
        </test-method> <!-- tearDown -->
      </class> <!-- com.urgeTruck.testCase.TC_LoginTest_UT_001 -->
    </test> <!-- Default test -->
  </suite> <!-- Default suite -->
</testng-results>
